TN:
SF:app.js
FNF:0
FNH:0
DA:2,2
DA:3,2
DA:4,2
DA:6,2
DA:9,2
DA:10,2
DA:13,2
DA:14,2
DA:15,2
DA:17,2
LF:10
LH:10
BRF:0
BRH:0
end_of_record
TN:
SF:models\Incident.js
FNF:0
FNH:0
DA:1,2
DA:3,2
DA:15,2
LF:3
LH:3
BRF:0
BRH:0
end_of_record
TN:
SF:models\User.js
FN:5,(anonymous_0)
FN:31,(anonymous_1)
FNF:2
FNH:0
FNDA:0,(anonymous_0)
FNDA:0,(anonymous_1)
DA:1,3
DA:2,3
DA:3,3
DA:5,3
DA:6,0
DA:7,0
DA:10,0
DA:11,0
DA:15,0
DA:16,0
DA:17,0
DA:21,0
DA:22,0
DA:24,0
DA:26,0
DA:27,0
DA:31,3
DA:32,0
DA:33,0
DA:34,0
DA:36,0
DA:37,0
DA:41,3
LF:23
LH:6
BRDA:10,0,0,0
BRDA:10,0,1,0
BRDA:10,1,0,0
BRDA:10,1,1,0
BRDA:16,2,0,0
BRDA:16,2,1,0
BRF:6
BRH:0
end_of_record
TN:
SF:routes\auth.js
FN:7,(anonymous_0)
FN:19,(anonymous_1)
FNF:2
FNH:0
FNDA:0,(anonymous_0)
FNDA:0,(anonymous_1)
DA:2,2
DA:3,2
DA:4,2
DA:7,2
DA:8,0
DA:10,0
DA:11,0
DA:13,0
DA:14,0
DA:15,0
DA:19,2
DA:20,0
DA:22,0
DA:23,0
DA:24,0
DA:27,0
DA:30,2
LF:17
LH:6
BRDA:11,0,0,0
BRDA:11,0,1,0
BRDA:23,1,0,0
BRDA:23,1,1,0
BRDA:23,2,0,0
BRDA:23,2,1,0
BRF:6
BRH:0
end_of_record
TN:
SF:routes\incidents.js
FN:8,(anonymous_0)
FN:11,(anonymous_1)
FN:34,(anonymous_2)
FN:41,(anonymous_3)
FN:51,(anonymous_4)
FN:57,(anonymous_5)
FN:62,(anonymous_6)
FNF:7
FNH:0
FNDA:0,(anonymous_0)
FNDA:0,(anonymous_1)
FNDA:0,(anonymous_2)
FNDA:0,(anonymous_3)
FNDA:0,(anonymous_4)
FNDA:0,(anonymous_5)
FNDA:0,(anonymous_6)
DA:1,2
DA:2,2
DA:3,2
DA:4,2
DA:5,2
DA:8,2
DA:9,0
DA:11,2
DA:12,0
DA:13,0
DA:19,0
DA:21,0
DA:27,0
DA:28,0
DA:34,2
DA:35,0
DA:36,0
DA:37,0
DA:41,2
DA:42,0
DA:47,0
DA:51,2
DA:52,0
DA:55,0
DA:57,2
DA:58,0
DA:59,0
DA:60,0
DA:62,2
DA:63,0
DA:68,0
DA:69,0
DA:71,2
LF:33
LH:13
BRDA:35,0,0,0
BRDA:35,0,1,0
BRDA:44,1,0,0
BRDA:44,1,1,0
BRDA:59,2,0,0
BRDA:59,2,1,0
BRDA:65,3,0,0
BRDA:65,3,1,0
BRF:8
BRH:0
end_of_record
TN:
SF:routes\users.js
FN:6,(anonymous_0)
FNF:1
FNH:1
FNDA:1,(anonymous_0)
DA:2,2
DA:3,2
DA:4,2
DA:6,2
DA:7,1
DA:8,1
DA:10,1
DA:11,0
DA:14,1
DA:15,0
DA:17,0
DA:19,1
DA:23,2
LF:13
LH:10
BRDA:10,0,0,0
BRDA:10,0,1,1
BRDA:10,1,0,1
BRDA:10,1,1,1
BRF:4
BRH:3
end_of_record
